<?xml version="1.0" encoding="UTF-8"?>
<!-- Generated by org.testng.reporters.JUnitXMLReporter -->
<testsuite ignored="0" hostname="SHAIK" failures="0" tests="3" name="Default test" time="14.151" errors="0" timestamp="2023-01-23T13:33:09 IST">
  <testcase classname="TestNg.com.swiggy.HomePageTest" name="testdosearchdeliverylocation" time="0.537"/>
  <testcase classname="TestNg.com.swiggy.HomePageTest" name="homePageTitleTest" time="0.011"/>
  <testcase classname="TestNg.com.swiggy.HomePageTest" name="homePageUrlTest" time="0.004"/>
</testsuite> <!-- Default test -->
