<?xml version="1.0" encoding="UTF-8"?>
<testng-results ignored="0" total="3" passed="3" failed="0" skipped="0">
  <reporter-output>
  </reporter-output>
  <suite started-at="2023-01-23T13:32:55 IST" name="Default suite" finished-at="2023-01-23T13:33:09 IST" duration-ms="14151">
    <groups>
    </groups>
    <test started-at="2023-01-23T13:32:55 IST" name="Default test" finished-at="2023-01-23T13:33:09 IST" duration-ms="14151">
      <class name="TestNg.com.swiggy.HomePageTest">
        <test-method is-config="true" signature="setup()[pri:0, instance:TestNg.com.swiggy.HomePageTest@f736069]" started-at="2023-01-23T13:32:55 IST" name="setup" finished-at="2023-01-23T13:33:08 IST" duration-ms="12786" status="PASS">
          <reporter-output>
          </reporter-output>
        </test-method> <!-- setup -->
        <test-method signature="testdosearchdeliverylocation()[pri:1, instance:TestNg.com.swiggy.HomePageTest@f736069]" started-at="2023-01-23T13:33:08 IST" name="testdosearchdeliverylocation" finished-at="2023-01-23T13:33:08 IST" duration-ms="537" status="PASS">
          <reporter-output>
          </reporter-output>
        </test-method> <!-- testdosearchdeliverylocation -->
        <test-method signature="homePageTitleTest()[pri:2, instance:TestNg.com.swiggy.HomePageTest@f736069]" started-at="2023-01-23T13:33:08 IST" name="homePageTitleTest" finished-at="2023-01-23T13:33:08 IST" duration-ms="11" status="PASS">
          <reporter-output>
          </reporter-output>
        </test-method> <!-- homePageTitleTest -->
        <test-method signature="homePageUrlTest()[pri:3, instance:TestNg.com.swiggy.HomePageTest@f736069]" started-at="2023-01-23T13:33:08 IST" name="homePageUrlTest" finished-at="2023-01-23T13:33:08 IST" duration-ms="4" status="PASS">
          <reporter-output>
          </reporter-output>
        </test-method> <!-- homePageUrlTest -->
        <test-method is-config="true" signature="teardown()[pri:0, instance:TestNg.com.swiggy.HomePageTest@f736069]" started-at="2023-01-23T13:33:08 IST" name="teardown" finished-at="2023-01-23T13:33:09 IST" duration-ms="679" status="PASS">
          <reporter-output>
          </reporter-output>
        </test-method> <!-- teardown -->
      </class> <!-- TestNg.com.swiggy.HomePageTest -->
    </test> <!-- Default test -->
  </suite> <!-- Default suite -->
</testng-results>
